16:29:00.998 INFO - Launching a standalone Selenium Server
Setting system property webdriver.chrome.driver to C:/selenium-nightwatch/chromedriver.exe
16:29:01.207 INFO - Java: Oracle Corporation 25.60-b23
16:29:01.208 INFO - OS: Windows 8.1 6.3 x86
16:29:01.230 INFO - v2.53.1, with Core v2.53.1. Built from revision a36b8b1
16:29:01.371 INFO - Driver class not found: com.opera.core.systems.OperaDriver
16:29:01.371 INFO - Driver provider com.opera.core.systems.OperaDriver is not registered
16:29:01.387 INFO - Driver provider org.openqa.selenium.safari.SafariDriver registration is skipped:
registration capabilities Capabilities [{browserName=safari, version=, platform=MAC}] does not match the current platform WIN8_1
16:29:01.387 INFO - Driver class not found: org.openqa.selenium.htmlunit.HtmlUnitDriver
16:29:01.387 INFO - Driver provider org.openqa.selenium.htmlunit.HtmlUnitDriver is not registered
16:29:01.621 INFO - RemoteWebDriver instances should connect to: http://127.0.0.1:4444/wd/hub
16:29:01.621 INFO - Selenium Server is up and running
16:29:03.666 INFO - Executing: [new session: Capabilities [{acceptSslCerts=true, name=01 Page Load, browserName=chrome, javascriptEnabled=true, platform=ANY}]])
16:29:03.712 INFO - Creating a new session for Capabilities [{acceptSslCerts=true, name=01 Page Load, browserName=chrome, javascriptEnabled=true, platform=ANY}]
Starting ChromeDriver 2.27.440174 (e97a722caafc2d3a8b807ee115bfb307f7d2cfd9) on port 8013
Only local connections are allowed.
16:29:08.943 INFO - Done: [new session: Capabilities [{acceptSslCerts=true, name=01 Page Load, browserName=chrome, javascriptEnabled=true, platform=ANY}]]
16:29:08.970 INFO - Executing: [set window size])
16:29:10.217 INFO - Done: [set window size]
16:29:10.233 INFO - Executing: [get: file:///C:/_WORK/git-test/public/index.html])
16:29:10.718 INFO - Done: [get: file:///C:/_WORK/git-test/public/index.html]
16:29:10.735 INFO - Executing: [find elements: By.cssSelector: header])
16:29:10.792 INFO - Done: [find elements: By.cssSelector: header]
16:29:10.792 INFO - Executing: [is displayed: 0 [[ChromeDriver: chrome on WIN8_1 (11fbea0908c3d5c8bb311ff28b296443)] -> css selector: header]])
16:29:10.824 INFO - Done: [is displayed: 0 [[ChromeDriver: chrome on WIN8_1 (11fbea0908c3d5c8bb311ff28b296443)] -> css selector: header]]
16:29:10.824 INFO - Executing: [find elements: By.cssSelector: header])
16:29:10.839 INFO - Done: [find elements: By.cssSelector: header]
16:29:10.839 INFO - Executing: [is displayed: 0 [[ChromeDriver: chrome on WIN8_1 (11fbea0908c3d5c8bb311ff28b296443)] -> css selector: header]])
16:29:10.869 INFO - Done: [is displayed: 0 [[ChromeDriver: chrome on WIN8_1 (11fbea0908c3d5c8bb311ff28b296443)] -> css selector: header]]
16:29:10.893 INFO - Executing: [find elements: By.cssSelector: [data-test="basedata-username"]])
16:29:10.937 INFO - Done: [find elements: By.cssSelector: [data-test="basedata-username"]]
16:29:11.451 INFO - Executing: [find elements: By.cssSelector: [data-test="basedata-username"]])
16:29:11.482 INFO - Done: [find elements: By.cssSelector: [data-test="basedata-username"]]
16:29:11.498 INFO - Executing: [is displayed: 1 [[ChromeDriver: chrome on WIN8_1 (11fbea0908c3d5c8bb311ff28b296443)] -> css selector: [data-test="basedata-username"]]])
16:29:11.576 INFO - Done: [is displayed: 1 [[ChromeDriver: chrome on WIN8_1 (11fbea0908c3d5c8bb311ff28b296443)] -> css selector: [data-test="basedata-username"]]]
16:29:11.596 INFO - Executing: [find element: By.cssSelector: [data-test="basedata-username"]])
16:29:11.646 INFO - Done: [find element: By.cssSelector: [data-test="basedata-username"]]
16:29:11.653 INFO - Executing: [get text: 1 [[ChromeDriver: chrome on WIN8_1 (11fbea0908c3d5c8bb311ff28b296443)] -> css selector: [data-test="basedata-username"]]])
16:29:11.702 INFO - Done: [get text: 1 [[ChromeDriver: chrome on WIN8_1 (11fbea0908c3d5c8bb311ff28b296443)] -> css selector: [data-test="basedata-username"]]]
16:29:11.712 INFO - Executing: [close window])
16:29:11.885 INFO - Done: [close window]
16:29:12.034 INFO - Executing: [new session: Capabilities [{acceptSslCerts=true, name=02 List Pager, browserName=chrome, javascriptEnabled=true, platform=ANY}]])
16:29:12.037 INFO - Creating a new session for Capabilities [{acceptSslCerts=true, name=02 List Pager, browserName=chrome, javascriptEnabled=true, platform=ANY}]
Starting ChromeDriver 2.27.440174 (e97a722caafc2d3a8b807ee115bfb307f7d2cfd9) on port 29479
Only local connections are allowed.
16:29:14.139 INFO - Done: [new session: Capabilities [{acceptSslCerts=true, name=02 List Pager, browserName=chrome, javascriptEnabled=true, platform=ANY}]]
16:29:14.171 INFO - Executing: [set window size])
16:29:15.363 INFO - Done: [set window size]
16:29:15.363 INFO - Executing: [get: file:///C:/_WORK/git-test/public/index.html])
16:29:15.815 INFO - Done: [get: file:///C:/_WORK/git-test/public/index.html]
16:29:15.828 INFO - Executing: [find elements: By.cssSelector: .item-list])
16:29:15.865 INFO - Done: [find elements: By.cssSelector: .item-list]
16:29:15.867 INFO - Executing: [is displayed: 0 [[ChromeDriver: chrome on WIN8_1 (137fc0964a97e6b784a049e671e9e9ec)] -> css selector: .item-list]])
16:29:15.898 INFO - Done: [is displayed: 0 [[ChromeDriver: chrome on WIN8_1 (137fc0964a97e6b784a049e671e9e9ec)] -> css selector: .item-list]]
16:29:15.898 INFO - Executing: [find elements: By.cssSelector: .item-list article])
16:29:15.936 INFO - Done: [find elements: By.cssSelector: .item-list article]
16:29:16.446 INFO - Executing: [find elements: By.cssSelector: .item-list article])
16:29:16.462 INFO - Done: [find elements: By.cssSelector: .item-list article]
16:29:16.462 INFO - Executing: [is displayed: 1 [[ChromeDriver: chrome on WIN8_1 (137fc0964a97e6b784a049e671e9e9ec)] -> css selector: .item-list article]])
16:29:16.502 INFO - Done: [is displayed: 1 [[ChromeDriver: chrome on WIN8_1 (137fc0964a97e6b784a049e671e9e9ec)] -> css selector: .item-list article]]
16:29:16.513 INFO - Executing: [find element: By.cssSelector: button[data-role="ff"]])
16:29:16.546 INFO - Done: [find element: By.cssSelector: button[data-role="ff"]]
16:29:16.552 INFO - Executing: [click: 16 [[ChromeDriver: chrome on WIN8_1 (137fc0964a97e6b784a049e671e9e9ec)] -> css selector: button[data-role="ff"]]])
16:29:16.648 INFO - Done: [click: 16 [[ChromeDriver: chrome on WIN8_1 (137fc0964a97e6b784a049e671e9e9ec)] -> css selector: button[data-role="ff"]]]
16:29:16.656 INFO - Executing: [find elements: By.cssSelector: .item-list .ajax])
16:29:16.689 INFO - Done: [find elements: By.cssSelector: .item-list .ajax]
16:29:16.694 INFO - Executing: [find elements: By.cssSelector: .item-list article])
16:29:16.698 INFO - Done: [find elements: By.cssSelector: .item-list article]
16:29:17.209 INFO - Executing: [find elements: By.cssSelector: .item-list article])
16:29:17.256 INFO - Done: [find elements: By.cssSelector: .item-list article]
16:29:17.271 INFO - Executing: [find elements: By.cssSelector: .item-list article])
16:29:17.316 INFO - Done: [find elements: By.cssSelector: .item-list article]
16:29:17.326 INFO - Executing: [is displayed: 18 [[ChromeDriver: chrome on WIN8_1 (137fc0964a97e6b784a049e671e9e9ec)] -> css selector: .item-list article]])
16:29:17.398 INFO - Done: [is displayed: 18 [[ChromeDriver: chrome on WIN8_1 (137fc0964a97e6b784a049e671e9e9ec)] -> css selector: .item-list article]]
16:29:17.416 INFO - Executing: [find elements: By.cssSelector: .pager label])
16:29:17.459 INFO - Done: [find elements: By.cssSelector: .pager label]
16:29:17.469 INFO - Executing: [get text: 33 [[ChromeDriver: chrome on WIN8_1 (137fc0964a97e6b784a049e671e9e9ec)] -> css selector: .pager label]])
16:29:17.521 INFO - Done: [get text: 33 [[ChromeDriver: chrome on WIN8_1 (137fc0964a97e6b784a049e671e9e9ec)] -> css selector: .pager label]]
16:29:17.522 INFO - Executing: [find element: By.cssSelector: button[data-role="rev"]])
16:29:17.567 INFO - Done: [find element: By.cssSelector: button[data-role="rev"]]
16:29:17.571 INFO - Executing: [click: 35 [[ChromeDriver: chrome on WIN8_1 (137fc0964a97e6b784a049e671e9e9ec)] -> css selector: button[data-role="rev"]]])
16:29:17.658 INFO - Done: [click: 35 [[ChromeDriver: chrome on WIN8_1 (137fc0964a97e6b784a049e671e9e9ec)] -> css selector: button[data-role="rev"]]]
16:29:17.665 INFO - Executing: [find elements: By.cssSelector: .item-list .ajax])
16:29:17.680 INFO - Done: [find elements: By.cssSelector: .item-list .ajax]
16:29:17.685 INFO - Executing: [find elements: By.cssSelector: .item-list article])
16:29:17.702 INFO - Done: [find elements: By.cssSelector: .item-list article]
16:29:17.712 INFO - Executing: [find elements: By.cssSelector: .item-list article])
16:29:17.732 INFO - Done: [find elements: By.cssSelector: .item-list article]
16:29:17.738 INFO - Executing: [is displayed: 18 [[ChromeDriver: chrome on WIN8_1 (137fc0964a97e6b784a049e671e9e9ec)] -> css selector: .item-list article]])
16:29:17.755 INFO - Done: [is displayed: 18 [[ChromeDriver: chrome on WIN8_1 (137fc0964a97e6b784a049e671e9e9ec)] -> css selector: .item-list article]]
16:29:17.766 INFO - Executing: [find elements: By.cssSelector: .pager label])
16:29:17.784 INFO - Done: [find elements: By.cssSelector: .pager label]
16:29:17.789 INFO - Executing: [get text: 33 [[ChromeDriver: chrome on WIN8_1 (137fc0964a97e6b784a049e671e9e9ec)] -> css selector: .pager label]])
16:29:17.802 INFO - Done: [get text: 33 [[ChromeDriver: chrome on WIN8_1 (137fc0964a97e6b784a049e671e9e9ec)] -> css selector: .pager label]]
16:29:17.808 INFO - Executing: [close window])
16:29:17.965 INFO - Done: [close window]
